c:\users\kristian\onedrive\programming\_ github _\school projects\p1draft\backup\p1draft\p1draft\debug\vc142.pdb
c:\users\kristian\onedrive\programming\_ github _\school projects\p1draft\backup\p1draft\p1draft\debug\vc142.idb
c:\users\kristian\onedrive\programming\_ github _\school projects\p1draft\backup\p1draft\p1draft\debug\p1draft.obj
c:\users\kristian\onedrive\programming\_ github _\school projects\p1draft\backup\p1draft\p1draft\debug\generatepassengers.obj
c:\users\kristian\onedrive\programming\_ github _\school projects\p1draft\backup\p1draft\p1draft\debug\basiccalls.obj
c:\users\kristian\onedrive\programming\_ github _\school projects\p1draft\github\p1-boarding-an-airplane\p1draft\p1draft\debug\vc142.pdb
c:\users\kristian\onedrive\programming\_ github _\school projects\p1draft\github\p1-boarding-an-airplane\p1draft\p1draft\debug\vc142.idb
c:\users\kristian\onedrive\programming\_ github _\school projects\p1draft\github\p1-boarding-an-airplane\p1draft\p1draft\debug\p1draft.obj
c:\users\kristian\onedrive\programming\_ github _\school projects\p1draft\github\p1-boarding-an-airplane\p1draft\p1draft\debug\generatepassengers.obj
c:\users\kristian\onedrive\programming\_ github _\school projects\p1draft\github\p1-boarding-an-airplane\p1draft\p1draft\debug\basiccalls.obj
c:\users\kristian\onedrive\programming\_ github _\school projects\p1draft\backup\p1draft\debug\p1draft.exe
c:\users\kristian\onedrive\programming\_ github _\school projects\p1draft\backup\p1draft\debug\p1draft.ilk
c:\users\kristian\onedrive\programming\_ github _\school projects\p1draft\backup\p1draft\debug\p1draft.pdb
c:\users\kristian\onedrive\programming\_ github _\school projects\p1draft\github\p1-boarding-an-airplane\p1draft\debug\p1draft.exe
c:\users\kristian\onedrive\programming\_ github _\school projects\p1draft\github\p1-boarding-an-airplane\p1draft\debug\p1draft.ilk
c:\users\kristian\onedrive\programming\_ github _\school projects\p1draft\github\p1-boarding-an-airplane\p1draft\debug\p1draft.pdb
c:\users\kristian\onedrive\programming\_ github _\school projects\p1draft\github\p1-boarding-an-airplane\p1draft\p1draft\debug\p1draft.tlog\cl.command.1.tlog
c:\users\kristian\onedrive\programming\_ github _\school projects\p1draft\github\p1-boarding-an-airplane\p1draft\p1draft\debug\p1draft.tlog\cl.read.1.tlog
c:\users\kristian\onedrive\programming\_ github _\school projects\p1draft\github\p1-boarding-an-airplane\p1draft\p1draft\debug\p1draft.tlog\cl.write.1.tlog
c:\users\kristian\onedrive\programming\_ github _\school projects\p1draft\github\p1-boarding-an-airplane\p1draft\p1draft\debug\p1draft.tlog\link.command.1.tlog
c:\users\kristian\onedrive\programming\_ github _\school projects\p1draft\github\p1-boarding-an-airplane\p1draft\p1draft\debug\p1draft.tlog\link.read.1.tlog
c:\users\kristian\onedrive\programming\_ github _\school projects\p1draft\github\p1-boarding-an-airplane\p1draft\p1draft\debug\p1draft.tlog\link.write.1.tlog
