c:\users\kristian\onedrive\programming\c\p1draft\p1draft\release\vc142.pdb
c:\users\kristian\onedrive\programming\c\p1draft\p1draft\release\p1draft.obj
c:\users\kristian\onedrive\programming\c\p1draft\p1draft\release\generatepassengers.obj
c:\users\kristian\onedrive\programming\c\p1draft\p1draft\release\basiccalls.obj
c:\users\kristian\onedrive\programming\_ github _\school projects\p1draft\backup\p1draft\p1draft\release\vc142.pdb
c:\users\kristian\onedrive\programming\_ github _\school projects\p1draft\backup\p1draft\p1draft\release\basiccalls.obj
c:\users\kristian\onedrive\programming\c\p1draft\release\p1draft.exe
c:\users\kristian\onedrive\programming\c\p1draft\release\p1draft.pdb
c:\users\kristian\onedrive\programming\c\p1draft\release\p1draft.ipdb
c:\users\kristian\onedrive\programming\c\p1draft\release\p1draft.iobj
c:\users\kristian\onedrive\programming\_ github _\school projects\p1draft\backup\p1draft\p1draft\release\generatepassengers.obj
c:\users\kristian\onedrive\programming\_ github _\school projects\p1draft\backup\p1draft\p1draft\release\p1draft.obj
c:\users\kristian\onedrive\programming\_ github _\school projects\p1draft\backup\p1draft\release\p1draft.pdb
c:\users\kristian\onedrive\programming\_ github _\school projects\p1draft\backup\p1draft\release\p1draft.exe
c:\users\kristian\onedrive\programming\_ github _\school projects\p1draft\backup\p1draft\p1draft\release\p1draft.tlog\cl.command.1.tlog
c:\users\kristian\onedrive\programming\_ github _\school projects\p1draft\backup\p1draft\p1draft\release\p1draft.tlog\cl.read.1.tlog
c:\users\kristian\onedrive\programming\_ github _\school projects\p1draft\backup\p1draft\p1draft\release\p1draft.tlog\cl.write.1.tlog
c:\users\kristian\onedrive\programming\_ github _\school projects\p1draft\backup\p1draft\p1draft\release\p1draft.tlog\link.command.1.tlog
c:\users\kristian\onedrive\programming\_ github _\school projects\p1draft\backup\p1draft\p1draft\release\p1draft.tlog\link.delete.1.tlog
c:\users\kristian\onedrive\programming\_ github _\school projects\p1draft\backup\p1draft\p1draft\release\p1draft.tlog\link.read.1.tlog
c:\users\kristian\onedrive\programming\_ github _\school projects\p1draft\backup\p1draft\p1draft\release\p1draft.tlog\link.write.1.tlog
c:\users\kristian\onedrive\programming\_ github _\school projects\p1draft\backup\p1draft\p1draft\release\p1draft.tlog\p1draft.write.1u.tlog
